<?xml version="1.0" encoding="UTF-8"?>
<!-- Generated by org.testng.reporters.JUnitReportReporter -->
<testsuite hostname="JollyVirus" failures="0" tests="1" name="Example.NewTest" time="21.567" errors="0" timestamp="22 Sep 2020 22:11:16 GMT">
  <testcase classname="Example.NewTest" name="TabChanges" time="21.567"/>
</testsuite> <!-- Example.NewTest -->
