<?xml version="1.0" encoding="UTF-8"?>
<!-- Generated by org.testng.reporters.JUnitReportReporter -->
<testsuite hostname="JollyVirus" failures="0" tests="3" name="Example.NewTest" time="11.718" errors="0" timestamp="6 Aug 2020 03:07:17 GMT">
  <testcase classname="Example.NewTest" name="SwagLabsRobot" time="0.000"/>
  <testcase classname="Example.NewTest" name="SwaglabsTest" time="11.718"/>
  <testcase classname="Example.NewTest" name="TabChanges" time="0.000"/>
</testsuite> <!-- Example.NewTest -->
